<?xml version="1.0" encoding="UTF-8"?>
<beans xmlns:xsi="http://www.w3.org/2001/XMLSchema-instance"
       xmlns:tx="http://www.springframework.org/schema/tx"
       xmlns="http://www.springframework.org/schema/beans"
       xsi:schemaLocation="http://www.springframework.org/schema/tx
        http://www.springframework.org/schema/tx/spring-tx.xsd
        http://www.springframework.org/schema/beans
       http://www.springframework.org/schema/beans/spring-beans.xsd">

    <import resource="classpath*:test-db.xml"/>

    <bean id="txManager" class="org.springframework.jdbc.datasource.DataSourceTransactionManager">
        <property name="dataSource" ref="dataSource"/>
    </bean>
    <tx:annotation-driven transaction-manager="txManager" />

    <bean id="namedParameterJdbcTemplate" class="org.springframework.jdbc.core.namedparam.NamedParameterJdbcTemplate">
        <constructor-arg name="dataSource" ref="dataSource"/>
    </bean>

    <bean id="orderDao" class="com.epam.brest.summer.courses2019.OrderDaoJdbcImpl">
        <constructor-arg ref="namedParameterJdbcTemplate"/>
    </bean>

    <bean id="orderDTODao" class="com.epam.brest.summer.courses2019.OrderDTODaoJdbcImpl">
        <constructor-arg ref="namedParameterJdbcTemplate"/>
    </bean>

    <bean id="orderService" class="com.epam.brest.summer.courses2019.services.OrderServiceImpl">
        <constructor-arg ref="orderDao"/>
        <constructor-arg ref="orderDTODao"/>
        <constructor-arg ref="itemDao"/>
    </bean>

    <bean id="itemDao" class="com.epam.brest.summer.courses2019.ItemDaoJdbcImpl">
        <constructor-arg ref="namedParameterJdbcTemplate"/>
    </bean>

    <bean id="itemService" class="com.epam.brest.summer.courses2019.services.ItemServiceImpl">
        <constructor-arg ref="itemDao"/>
    </bean>


</beans>
