<?xml version="1.0" encoding="UTF-8"?>
<!--suppress ALL -->
<beans xmlns="http://www.springframework.org/schema/beans"
       xmlns:xsi="http://www.w3.org/2001/XMLSchema-instance"
       xmlns:mvc="http://www.springframework.org/schema/mvc"
       xmlns:context="http://www.springframework.org/schema/context"

       xsi:schemaLocation="http://www.springframework.org/schema/mvc
        http://www.springframework.org/schema/mvc/spring-mvc.xsd
        http://www.springframework.org/schema/beans
        http://www.springframework.org/schema/beans/spring-beans.xsd
        http://www.springframework.org/schema/context
        http://www.springframework.org/schema/context/spring-context.xsd">

    <import resource="classpath*:test-db.xml"/>

    <bean class="org.springframework.beans.factory.config.PropertyPlaceholderConfigurer">
        <property name="locations">
            <list>
                <value>classpath:sql.properties</value>
            </list>
        </property>
    </bean>

    <bean id="namedParameterJdbcTemplate" class="org.springframework.jdbc.core.namedparam.NamedParameterJdbcTemplate">
        <constructor-arg name="dataSource" ref="dataSource"/>
    </bean>

    <bean id="orderDao" class="com.epam.brest.summer.courses2019.dao.OrderDaoJdbcImpl">
        <constructor-arg ref="namedParameterJdbcTemplate"/>
    </bean>

    <bean id="orderDTODao" class="com.epam.brest.summer.courses2019.dao.OrderDTODaoJdbcImpl">
        <constructor-arg ref="namedParameterJdbcTemplate"/>
    </bean>

    <bean id="orderService" class="com.epam.brest.summer.courses2019.services.OrderServiceImpl">
        <constructor-arg ref="orderDao"/>
        <constructor-arg ref="orderDTODao"/>
        <constructor-arg ref="itemDao"/>
    </bean>

    <bean id="itemDao" class="com.epam.brest.summer.courses2019.dao.ItemDaoJdbcImpl">
        <constructor-arg ref="namedParameterJdbcTemplate"/>
    </bean>

    <bean id="itemService" class="com.epam.brest.summer.courses2019.services.ItemServiceImpl">
        <constructor-arg ref="itemDao"/>
    </bean>


</beans>
