<?xml version="1.0" encoding="UTF-8"?>
<beans xmlns:xsi="http://www.w3.org/2001/XMLSchema-instance"
       xmlns="http://www.springframework.org/schema/beans" xmlns:context="http://www.springframework.org/schema/context"
       xsi:schemaLocation="http://www.springframework.org/schema/beans
       http://www.springframework.org/schema/beans/spring-beans.xsd http://www.springframework.org/schema/context http://www.springframework.org/schema/context/spring-context.xsd">

    <import resource="classpath*:test-db.xml"/>

    <bean class="org.springframework.beans.factory.config.PropertyPlaceholderConfigurer">
        <property name="locations">
            <list>
                <value>classpath:sql.properties</value>
            </list>
        </property>
    </bean>

    <bean id="namedParameterJdbcTemplate" class="org.springframework.jdbc.core.namedparam.NamedParameterJdbcTemplate">
        <constructor-arg name="dataSource" ref="dataSource"/>
    </bean>

    <bean id="orderDao" class="com.epam.brest.summer.courses2019.OrderDaoJdbcImpl">
        <constructor-arg name="namedParameterJdbcTemplate" ref="namedParameterJdbcTemplate"/>
    </bean>

    <bean id="orderDTODao" class="com.epam.brest.summer.courses2019.OrderDTODaoJdbcImpl">
        <constructor-arg name="namedParameterJdbcTemplate" ref="namedParameterJdbcTemplate"/>
    </bean>

    <bean id="itemDao" class="com.epam.brest.summer.courses2019.ItemDaoJdbcImpl">
        <constructor-arg name="namedParameterJdbcTemplate" ref="namedParameterJdbcTemplate"/>
    </bean>

</beans>